<?xml version="1.0" encoding="UTF-8"?>
<coverage generated="1685402620897" clover="3.2.0">
  <project timestamp="1685402620898" name="All files">
    <metrics statements="33" coveredstatements="33" conditionals="28" coveredconditionals="27" methods="8" coveredmethods="8" elements="69" coveredelements="68" complexity="0" loc="33" ncloc="33" packages="2" files="2" classes="2"/>
    <package name="DOM-interactions">
      <metrics statements="1" coveredstatements="1" conditionals="0" coveredconditionals="0" methods="1" coveredmethods="1"/>
      <file name="DOM-interactions.js" path="/home/steveomari62/project-battleship/src/DOM-interactions/DOM-interactions.js">
        <metrics statements="1" coveredstatements="1" conditionals="0" coveredconditionals="0" methods="1" coveredmethods="1"/>
        <line num="4" count="1" type="stmt"/>
      </file>
    </package>
    <package name="functions _&_tests">
      <metrics statements="32" coveredstatements="32" conditionals="28" coveredconditionals="27" methods="7" coveredmethods="7"/>
      <file name="functions.js" path="/home/steveomari62/project-battleship/src/functions _&_tests/functions.js">
        <metrics statements="32" coveredstatements="32" conditionals="28" coveredconditionals="27" methods="7" coveredmethods="7"/>
        <line num="1" count="3" type="stmt"/>
        <line num="5" count="7" type="stmt"/>
        <line num="6" count="7" type="stmt"/>
        <line num="7" count="7" type="stmt"/>
        <line num="8" count="7" type="stmt"/>
        <line num="12" count="15" type="stmt"/>
        <line num="14" count="11" type="cond" truecount="2" falsecount="0"/>
        <line num="18" count="8" type="stmt"/>
        <line num="153" count="10" type="stmt"/>
        <line num="154" count="29" type="cond" truecount="6" falsecount="0"/>
        <line num="155" count="4" type="stmt"/>
        <line num="157" count="25" type="cond" truecount="2" falsecount="0"/>
        <line num="158" count="20" type="stmt"/>
        <line num="159" count="20" type="stmt"/>
        <line num="160" count="20" type="stmt"/>
        <line num="162" count="25" type="cond" truecount="2" falsecount="0"/>
        <line num="163" count="5" type="stmt"/>
        <line num="164" count="5" type="stmt"/>
        <line num="165" count="5" type="stmt"/>
        <line num="171" count="13" type="cond" truecount="6" falsecount="0"/>
        <line num="172" count="1" type="stmt"/>
        <line num="174" count="12" type="cond" truecount="2" falsecount="0"/>
        <line num="175" count="2" type="stmt"/>
        <line num="177" count="10" type="cond" truecount="2" falsecount="0"/>
        <line num="179" count="2" type="stmt"/>
        <line num="180" count="2" type="stmt"/>
        <line num="182" count="8" type="cond" truecount="1" falsecount="1"/>
        <line num="183" count="8" type="stmt"/>
        <line num="184" count="8" type="stmt"/>
        <line num="185" count="8" type="cond" truecount="2" falsecount="0"/>
        <line num="186" count="1" type="stmt"/>
        <line num="188" count="7" type="stmt"/>
      </file>
    </package>
  </project>
</coverage>
