{"/home/steveomari62/project-battleship/src/functions _&_tests/functions.js": {"path":"/home/steveomari62/project-battleship/src/functions _&_tests/functions.js","statementMap":{"0":{"start":{"line":1,"column":17},"end":{"line":1,"column":31}},"1":{"start":{"line":1,"column":27},"end":{"line":1,"column":31}},"2":{"start":{"line":5,"column":8},"end":{"line":5,"column":28}},"3":{"start":{"line":6,"column":8},"end":{"line":6,"column":38}},"4":{"start":{"line":7,"column":8},"end":{"line":7,"column":30}},"5":{"start":{"line":11,"column":10},"end":{"line":11,"column":46}},"6":{"start":{"line":11,"column":24},"end":{"line":11,"column":46}},"7":{"start":{"line":13,"column":14},"end":{"line":13,"column":82}},"8":{"start":{"line":13,"column":27},"end":{"line":13,"column":82}}},"fnMap":{"0":{"name":"(anonymous_0)","decl":{"start":{"line":1,"column":17},"end":{"line":1,"column":18}},"loc":{"start":{"line":1,"column":27},"end":{"line":1,"column":31}},"line":1},"1":{"name":"(anonymous_1)","decl":{"start":{"line":4,"column":4},"end":{"line":4,"column":5}},"loc":{"start":{"line":4,"column":53},"end":{"line":8,"column":5}},"line":4},"2":{"name":"(anonymous_2)","decl":{"start":{"line":11,"column":10},"end":{"line":11,"column":11}},"loc":{"start":{"line":11,"column":24},"end":{"line":11,"column":46}},"line":11},"3":{"name":"(anonymous_3)","decl":{"start":{"line":13,"column":14},"end":{"line":13,"column":15}},"loc":{"start":{"line":13,"column":27},"end":{"line":13,"column":82}},"line":13}},"branchMap":{"0":{"loc":{"start":{"line":4,"column":24},"end":{"line":4,"column":37}},"type":"default-arg","locations":[{"start":{"line":4,"column":36},"end":{"line":4,"column":37}}],"line":4},"1":{"loc":{"start":{"line":4,"column":39},"end":{"line":4,"column":52}},"type":"default-arg","locations":[{"start":{"line":4,"column":47},"end":{"line":4,"column":52}}],"line":4},"2":{"loc":{"start":{"line":13,"column":27},"end":{"line":13,"column":82}},"type":"cond-expr","locations":[{"start":{"line":13,"column":70},"end":{"line":13,"column":74}},{"start":{"line":13,"column":77},"end":{"line":13,"column":82}}],"line":13}},"s":{"0":1,"1":3,"2":3,"3":3,"4":3,"5":1,"6":7,"7":1,"8":3},"f":{"0":3,"1":3,"2":7,"3":3},"b":{"0":[3],"1":[3],"2":[1,2]},"_coverageSchema":"1a1c01bbd47fc00a2c39e90264f33305004495a9","hash":"e8c7c292d94d21f878c741377884c36bee15b242"}
}
