TN:
SF:src/DOM-interactions/DOM-interactions.js
FN:3,exampleAdd
FNF:1
FNH:1
FNDA:1,exampleAdd
DA:4,1
LF:1
LH:1
BRF:0
BRH:0
end_of_record
TN:
SF:src/functions _&_tests/functions.js
FN:1,(anonymous_0)
FN:4,(anonymous_1)
FN:12,(anonymous_2)
FN:14,(anonymous_3)
FN:17,(anonymous_4)
FN:152,(anonymous_5)
FN:170,(anonymous_6)
FNF:7
FNH:7
FNDA:3,(anonymous_0)
FNDA:7,(anonymous_1)
FNDA:15,(anonymous_2)
FNDA:11,(anonymous_3)
FNDA:8,(anonymous_4)
FNDA:10,(anonymous_5)
FNDA:13,(anonymous_6)
DA:1,3
DA:5,7
DA:6,7
DA:7,7
DA:8,7
DA:12,15
DA:14,11
DA:18,8
DA:153,10
DA:154,29
DA:155,4
DA:157,25
DA:158,20
DA:159,20
DA:160,20
DA:162,25
DA:163,5
DA:164,5
DA:165,5
DA:171,13
DA:172,1
DA:174,12
DA:175,2
DA:177,10
DA:179,2
DA:180,2
DA:182,8
DA:183,8
DA:184,8
DA:185,8
DA:186,1
DA:188,7
LF:32
LH:32
BRDA:4,0,0,7
BRDA:4,1,0,7
BRDA:14,2,0,2
BRDA:14,2,1,9
BRDA:154,3,0,4
BRDA:154,3,1,25
BRDA:154,4,0,29
BRDA:154,4,1,29
BRDA:154,4,2,27
BRDA:154,4,3,26
BRDA:157,5,0,20
BRDA:157,5,1,5
BRDA:162,6,0,5
BRDA:162,6,1,20
BRDA:171,7,0,1
BRDA:171,7,1,12
BRDA:171,8,0,13
BRDA:171,8,1,13
BRDA:171,8,2,12
BRDA:171,8,3,12
BRDA:174,9,0,2
BRDA:174,9,1,10
BRDA:177,10,0,2
BRDA:177,10,1,8
BRDA:182,11,0,8
BRDA:182,11,1,0
BRDA:185,12,0,1
BRDA:185,12,1,7
BRF:28
BRH:27
end_of_record
